::1 - - [30/Sep/2020:18:17:11 +0000] "GET /posts/second HTTP/1.1" 200 5816 "-" "Mozilla/5.0 (Windows NT 10.0; Win64; x64; rv:81.0) Gecko/20100101 Firefox/81.0"
::1 - - [30/Sep/2020:18:17:11 +0000] "GET /undefined HTTP/1.1" 404 148 "http://localhost:8000/posts/second" "Mozilla/5.0 (Windows NT 10.0; Win64; x64; rv:81.0) Gecko/20100101 Firefox/81.0"
::1 - - [30/Sep/2020:18:17:11 +0000] "GET /undefined HTTP/1.1" 404 148 "http://localhost:8000/posts/second" "Mozilla/5.0 (Windows NT 10.0; Win64; x64; rv:81.0) Gecko/20100101 Firefox/81.0"
::1 - - [30/Sep/2020:18:17:11 +0000] "GET /undefined HTTP/1.1" 404 148 "http://localhost:8000/posts/second" "Mozilla/5.0 (Windows NT 10.0; Win64; x64; rv:81.0) Gecko/20100101 Firefox/81.0"
::1 - - [30/Sep/2020:18:17:11 +0000] "GET /undefined HTTP/1.1" 404 148 "http://localhost:8000/posts/second" "Mozilla/5.0 (Windows NT 10.0; Win64; x64; rv:81.0) Gecko/20100101 Firefox/81.0"
::1 - - [30/Sep/2020:18:17:11 +0000] "GET /undefined HTTP/1.1" 404 148 "http://localhost:8000/posts/second" "Mozilla/5.0 (Windows NT 10.0; Win64; x64; rv:81.0) Gecko/20100101 Firefox/81.0"
::1 - - [30/Sep/2020:18:17:14 +0000] "GET /sign-in HTTP/1.1" 200 3815 "http://localhost:8000/posts/second" "Mozilla/5.0 (Windows NT 10.0; Win64; x64; rv:81.0) Gecko/20100101 Firefox/81.0"
::1 - - [30/Sep/2020:18:17:18 +0000] "POST /create-session HTTP/1.1" 302 60 "http://localhost:8000/sign-in" "Mozilla/5.0 (Windows NT 10.0; Win64; x64; rv:81.0) Gecko/20100101 Firefox/81.0"
::1 - - [30/Sep/2020:18:17:18 +0000] "GET /sign-in HTTP/1.1" 200 4000 "http://localhost:8000/sign-in" "Mozilla/5.0 (Windows NT 10.0; Win64; x64; rv:81.0) Gecko/20100101 Firefox/81.0"
::1 - - [30/Sep/2020:18:17:24 +0000] "POST /create-session HTTP/1.1" 302 60 "http://localhost:8000/sign-in" "Mozilla/5.0 (Windows NT 10.0; Win64; x64; rv:81.0) Gecko/20100101 Firefox/81.0"
::1 - - [30/Sep/2020:18:17:24 +0000] "GET /sign-in HTTP/1.1" 200 4000 "http://localhost:8000/sign-in" "Mozilla/5.0 (Windows NT 10.0; Win64; x64; rv:81.0) Gecko/20100101 Firefox/81.0"
::1 - - [30/Sep/2020:18:17:28 +0000] "GET /sign-up HTTP/1.1" 200 3946 "http://localhost:8000/sign-in" "Mozilla/5.0 (Windows NT 10.0; Win64; x64; rv:81.0) Gecko/20100101 Firefox/81.0"
::1 - - [30/Sep/2020:18:17:46 +0000] "POST /create HTTP/1.1" 302 60 "http://localhost:8000/sign-up" "Mozilla/5.0 (Windows NT 10.0; Win64; x64; rv:81.0) Gecko/20100101 Firefox/81.0"
::1 - - [30/Sep/2020:18:17:46 +0000] "GET /sign-in HTTP/1.1" 200 3815 "http://localhost:8000/sign-up" "Mozilla/5.0 (Windows NT 10.0; Win64; x64; rv:81.0) Gecko/20100101 Firefox/81.0"
::1 - - [30/Sep/2020:18:18:12 +0000] "POST /create-session HTTP/1.1" 302 60 "http://localhost:8000/sign-in" "Mozilla/5.0 (Windows NT 10.0; Win64; x64; rv:81.0) Gecko/20100101 Firefox/81.0"
::1 - - [30/Sep/2020:18:18:12 +0000] "GET /profile HTTP/1.1" 200 4540 "http://localhost:8000/sign-in" "Mozilla/5.0 (Windows NT 10.0; Win64; x64; rv:81.0) Gecko/20100101 Firefox/81.0"
::1 - - [30/Sep/2020:18:18:17 +0000] "GET /posts/second HTTP/1.1" 200 7733 "http://localhost:8000/profile" "Mozilla/5.0 (Windows NT 10.0; Win64; x64; rv:81.0) Gecko/20100101 Firefox/81.0"
::1 - - [30/Sep/2020:18:18:17 +0000] "GET /undefined HTTP/1.1" 404 148 "http://localhost:8000/posts/second" "Mozilla/5.0 (Windows NT 10.0; Win64; x64; rv:81.0) Gecko/20100101 Firefox/81.0"
::1 - - [30/Sep/2020:18:18:17 +0000] "GET /undefined HTTP/1.1" 404 148 "http://localhost:8000/posts/second" "Mozilla/5.0 (Windows NT 10.0; Win64; x64; rv:81.0) Gecko/20100101 Firefox/81.0"
::1 - - [30/Sep/2020:18:18:17 +0000] "GET /undefined HTTP/1.1" 404 148 "http://localhost:8000/posts/second" "Mozilla/5.0 (Windows NT 10.0; Win64; x64; rv:81.0) Gecko/20100101 Firefox/81.0"
::1 - - [30/Sep/2020:18:18:17 +0000] "GET /undefined HTTP/1.1" 404 148 "http://localhost:8000/posts/second" "Mozilla/5.0 (Windows NT 10.0; Win64; x64; rv:81.0) Gecko/20100101 Firefox/81.0"
::1 - - [30/Sep/2020:18:18:17 +0000] "GET /undefined HTTP/1.1" 404 148 "http://localhost:8000/posts/second" "Mozilla/5.0 (Windows NT 10.0; Win64; x64; rv:81.0) Gecko/20100101 Firefox/81.0"
::1 - - [30/Sep/2020:18:22:57 +0000] "GET / HTTP/1.1" 200 5783 "-" "Mozilla/5.0 (Windows NT 10.0; Win64; x64; rv:81.0) Gecko/20100101 Firefox/81.0"
::1 - - [30/Sep/2020:18:22:57 +0000] "GET /css/home.css HTTP/1.1" 200 2795 "http://localhost:8000/" "Mozilla/5.0 (Windows NT 10.0; Win64; x64; rv:81.0) Gecko/20100101 Firefox/81.0"
::1 - - [30/Sep/2020:18:22:57 +0000] "GET /js/home.js HTTP/1.1" 200 32 "http://localhost:8000/" "Mozilla/5.0 (Windows NT 10.0; Win64; x64; rv:81.0) Gecko/20100101 Firefox/81.0"
::1 - - [30/Sep/2020:18:23:01 +0000] "GET /sign-out HTTP/1.1" 302 46 "http://localhost:8000/" "Mozilla/5.0 (Windows NT 10.0; Win64; x64; rv:81.0) Gecko/20100101 Firefox/81.0"
::1 - - [30/Sep/2020:18:23:01 +0000] "GET / HTTP/1.1" 200 5977 "http://localhost:8000/" "Mozilla/5.0 (Windows NT 10.0; Win64; x64; rv:81.0) Gecko/20100101 Firefox/81.0"
::1 - - [30/Sep/2020:18:23:02 +0000] "GET /css/home.css HTTP/1.1" 304 - "http://localhost:8000/" "Mozilla/5.0 (Windows NT 10.0; Win64; x64; rv:81.0) Gecko/20100101 Firefox/81.0"
::1 - - [30/Sep/2020:18:23:02 +0000] "GET /js/home.js HTTP/1.1" 304 - "http://localhost:8000/" "Mozilla/5.0 (Windows NT 10.0; Win64; x64; rv:81.0) Gecko/20100101 Firefox/81.0"
