::1 - - [25/Sep/2020:10:06:41 +0000] "GET /posts/second HTTP/1.1" 200 4320 "-" "Mozilla/5.0 (Windows NT 10.0; Win64; x64; rv:80.0) Gecko/20100101 Firefox/80.0"
::1 - - [25/Sep/2020:10:06:42 +0000] "GET /css/home3.css HTTP/1.1" 200 130 "http://localhost:8000/posts/second" "Mozilla/5.0 (Windows NT 10.0; Win64; x64; rv:80.0) Gecko/20100101 Firefox/80.0"
::1 - - [25/Sep/2020:10:06:42 +0000] "GET /css/layout.css HTTP/1.1" 200 128 "http://localhost:8000/posts/second" "Mozilla/5.0 (Windows NT 10.0; Win64; x64; rv:80.0) Gecko/20100101 Firefox/80.0"
::1 - - [25/Sep/2020:10:06:42 +0000] "GET /css/header.css HTTP/1.1" 200 262 "http://localhost:8000/posts/second" "Mozilla/5.0 (Windows NT 10.0; Win64; x64; rv:80.0) Gecko/20100101 Firefox/80.0"
::1 - - [25/Sep/2020:10:06:42 +0000] "GET /css/footer.css HTTP/1.1" 200 - "http://localhost:8000/posts/second" "Mozilla/5.0 (Windows NT 10.0; Win64; x64; rv:80.0) Gecko/20100101 Firefox/80.0"
::1 - - [25/Sep/2020:10:06:42 +0000] "GET /js/home_comments.js HTTP/1.1" 304 - "http://localhost:8000/posts/second" "Mozilla/5.0 (Windows NT 10.0; Win64; x64; rv:80.0) Gecko/20100101 Firefox/80.0"
::1 - - [25/Sep/2020:10:06:42 +0000] "GET /css/chat_box.css HTTP/1.1" 200 1299 "http://localhost:8000/posts/second" "Mozilla/5.0 (Windows NT 10.0; Win64; x64; rv:80.0) Gecko/20100101 Firefox/80.0"
::1 - - [25/Sep/2020:10:06:42 +0000] "GET /js/home_posts.js HTTP/1.1" 304 - "http://localhost:8000/posts/second" "Mozilla/5.0 (Windows NT 10.0; Win64; x64; rv:80.0) Gecko/20100101 Firefox/80.0"
::1 - - [25/Sep/2020:10:06:42 +0000] "GET /js/toggle_likes.js HTTP/1.1" 304 - "http://localhost:8000/posts/second" "Mozilla/5.0 (Windows NT 10.0; Win64; x64; rv:80.0) Gecko/20100101 Firefox/80.0"
::1 - - [25/Sep/2020:10:06:42 +0000] "GET /js/chat_engine.js HTTP/1.1" 304 - "http://localhost:8000/posts/second" "Mozilla/5.0 (Windows NT 10.0; Win64; x64; rv:80.0) Gecko/20100101 Firefox/80.0"
::1 - - [25/Sep/2020:10:06:42 +0000] "GET /favicon.ico HTTP/1.1" - - "-" "Mozilla/5.0 (Windows NT 10.0; Win64; x64; rv:80.0) Gecko/20100101 Firefox/80.0"
::1 - - [25/Sep/2020:10:06:44 +0000] "GET /sign-in HTTP/1.1" 200 3781 "http://localhost:8000/posts/second" "Mozilla/5.0 (Windows NT 10.0; Win64; x64; rv:80.0) Gecko/20100101 Firefox/80.0"
::1 - - [25/Sep/2020:10:06:44 +0000] "GET /css/layout.css HTTP/1.1" 304 - "http://localhost:8000/sign-in" "Mozilla/5.0 (Windows NT 10.0; Win64; x64; rv:80.0) Gecko/20100101 Firefox/80.0"
::1 - - [25/Sep/2020:10:06:44 +0000] "GET /css/header.css HTTP/1.1" 304 - "http://localhost:8000/sign-in" "Mozilla/5.0 (Windows NT 10.0; Win64; x64; rv:80.0) Gecko/20100101 Firefox/80.0"
::1 - - [25/Sep/2020:10:06:44 +0000] "GET /css/footer.css HTTP/1.1" 304 - "http://localhost:8000/sign-in" "Mozilla/5.0 (Windows NT 10.0; Win64; x64; rv:80.0) Gecko/20100101 Firefox/80.0"
::1 - - [25/Sep/2020:10:06:44 +0000] "GET /favicon.ico HTTP/1.1" - - "-" "Mozilla/5.0 (Windows NT 10.0; Win64; x64; rv:80.0) Gecko/20100101 Firefox/80.0"
::1 - - [25/Sep/2020:10:06:48 +0000] "POST /create-session HTTP/1.1" 302 60 "http://localhost:8000/sign-in" "Mozilla/5.0 (Windows NT 10.0; Win64; x64; rv:80.0) Gecko/20100101 Firefox/80.0"
::1 - - [25/Sep/2020:10:06:48 +0000] "GET /sign-in HTTP/1.1" 200 3966 "http://localhost:8000/sign-in" "Mozilla/5.0 (Windows NT 10.0; Win64; x64; rv:80.0) Gecko/20100101 Firefox/80.0"
::1 - - [25/Sep/2020:10:06:48 +0000] "GET /css/layout.css HTTP/1.1" 304 - "http://localhost:8000/sign-in" "Mozilla/5.0 (Windows NT 10.0; Win64; x64; rv:80.0) Gecko/20100101 Firefox/80.0"
::1 - - [25/Sep/2020:10:06:48 +0000] "GET /css/header.css HTTP/1.1" 304 - "http://localhost:8000/sign-in" "Mozilla/5.0 (Windows NT 10.0; Win64; x64; rv:80.0) Gecko/20100101 Firefox/80.0"
::1 - - [25/Sep/2020:10:06:48 +0000] "GET /css/footer.css HTTP/1.1" 304 - "http://localhost:8000/sign-in" "Mozilla/5.0 (Windows NT 10.0; Win64; x64; rv:80.0) Gecko/20100101 Firefox/80.0"
::1 - - [25/Sep/2020:10:06:51 +0000] "GET /sign-in HTTP/1.1" 200 3781 "http://localhost:8000/sign-in" "Mozilla/5.0 (Windows NT 10.0; Win64; x64; rv:80.0) Gecko/20100101 Firefox/80.0"
::1 - - [25/Sep/2020:10:06:51 +0000] "GET /css/layout.css HTTP/1.1" 304 - "http://localhost:8000/sign-in" "Mozilla/5.0 (Windows NT 10.0; Win64; x64; rv:80.0) Gecko/20100101 Firefox/80.0"
::1 - - [25/Sep/2020:10:06:51 +0000] "GET /css/header.css HTTP/1.1" 304 - "http://localhost:8000/sign-in" "Mozilla/5.0 (Windows NT 10.0; Win64; x64; rv:80.0) Gecko/20100101 Firefox/80.0"
::1 - - [25/Sep/2020:10:06:51 +0000] "GET /css/footer.css HTTP/1.1" 304 - "http://localhost:8000/sign-in" "Mozilla/5.0 (Windows NT 10.0; Win64; x64; rv:80.0) Gecko/20100101 Firefox/80.0"
::1 - - [25/Sep/2020:10:06:55 +0000] "GET /sign-in HTTP/1.1" 304 - "http://localhost:8000/sign-in" "Mozilla/5.0 (Windows NT 10.0; Win64; x64; rv:80.0) Gecko/20100101 Firefox/80.0"
::1 - - [25/Sep/2020:10:06:55 +0000] "GET /css/layout.css HTTP/1.1" 304 - "http://localhost:8000/sign-in" "Mozilla/5.0 (Windows NT 10.0; Win64; x64; rv:80.0) Gecko/20100101 Firefox/80.0"
::1 - - [25/Sep/2020:10:06:55 +0000] "GET /css/header.css HTTP/1.1" 304 - "http://localhost:8000/sign-in" "Mozilla/5.0 (Windows NT 10.0; Win64; x64; rv:80.0) Gecko/20100101 Firefox/80.0"
::1 - - [25/Sep/2020:10:06:55 +0000] "GET /css/footer.css HTTP/1.1" 304 - "http://localhost:8000/sign-in" "Mozilla/5.0 (Windows NT 10.0; Win64; x64; rv:80.0) Gecko/20100101 Firefox/80.0"
::1 - - [25/Sep/2020:10:06:59 +0000] "POST /create-session HTTP/1.1" 302 60 "http://localhost:8000/sign-in" "Mozilla/5.0 (Windows NT 10.0; Win64; x64; rv:80.0) Gecko/20100101 Firefox/80.0"
::1 - - [25/Sep/2020:10:06:59 +0000] "GET /sign-in HTTP/1.1" 200 3966 "http://localhost:8000/sign-in" "Mozilla/5.0 (Windows NT 10.0; Win64; x64; rv:80.0) Gecko/20100101 Firefox/80.0"
::1 - - [25/Sep/2020:10:06:59 +0000] "GET /css/layout.css HTTP/1.1" 304 - "http://localhost:8000/sign-in" "Mozilla/5.0 (Windows NT 10.0; Win64; x64; rv:80.0) Gecko/20100101 Firefox/80.0"
::1 - - [25/Sep/2020:10:06:59 +0000] "GET /css/header.css HTTP/1.1" 304 - "http://localhost:8000/sign-in" "Mozilla/5.0 (Windows NT 10.0; Win64; x64; rv:80.0) Gecko/20100101 Firefox/80.0"
::1 - - [25/Sep/2020:10:06:59 +0000] "GET /css/footer.css HTTP/1.1" 304 - "http://localhost:8000/sign-in" "Mozilla/5.0 (Windows NT 10.0; Win64; x64; rv:80.0) Gecko/20100101 Firefox/80.0"
::1 - - [25/Sep/2020:10:07:21 +0000] "GET /sign-in HTTP/1.1" 200 3781 "-" "Mozilla/5.0 (Windows NT 10.0; Win64; x64; rv:80.0) Gecko/20100101 Firefox/80.0"
::1 - - [25/Sep/2020:10:07:21 +0000] "GET /css/layout.css HTTP/1.1" 304 - "http://localhost:8000/sign-in" "Mozilla/5.0 (Windows NT 10.0; Win64; x64; rv:80.0) Gecko/20100101 Firefox/80.0"
::1 - - [25/Sep/2020:10:07:21 +0000] "GET /css/header.css HTTP/1.1" 304 - "http://localhost:8000/sign-in" "Mozilla/5.0 (Windows NT 10.0; Win64; x64; rv:80.0) Gecko/20100101 Firefox/80.0"
::1 - - [25/Sep/2020:10:07:21 +0000] "GET /css/footer.css HTTP/1.1" 304 - "http://localhost:8000/sign-in" "Mozilla/5.0 (Windows NT 10.0; Win64; x64; rv:80.0) Gecko/20100101 Firefox/80.0"
::1 - - [25/Sep/2020:10:07:24 +0000] "POST /create-session HTTP/1.1" 302 60 "http://localhost:8000/sign-in" "Mozilla/5.0 (Windows NT 10.0; Win64; x64; rv:80.0) Gecko/20100101 Firefox/80.0"
::1 - - [25/Sep/2020:10:07:24 +0000] "GET /sign-in HTTP/1.1" 200 3966 "http://localhost:8000/sign-in" "Mozilla/5.0 (Windows NT 10.0; Win64; x64; rv:80.0) Gecko/20100101 Firefox/80.0"
::1 - - [25/Sep/2020:10:07:24 +0000] "GET /css/layout.css HTTP/1.1" 304 - "http://localhost:8000/sign-in" "Mozilla/5.0 (Windows NT 10.0; Win64; x64; rv:80.0) Gecko/20100101 Firefox/80.0"
::1 - - [25/Sep/2020:10:07:24 +0000] "GET /css/header.css HTTP/1.1" 304 - "http://localhost:8000/sign-in" "Mozilla/5.0 (Windows NT 10.0; Win64; x64; rv:80.0) Gecko/20100101 Firefox/80.0"
::1 - - [25/Sep/2020:10:07:24 +0000] "GET /css/footer.css HTTP/1.1" 304 - "http://localhost:8000/sign-in" "Mozilla/5.0 (Windows NT 10.0; Win64; x64; rv:80.0) Gecko/20100101 Firefox/80.0"
::1 - - [25/Sep/2020:10:07:29 +0000] "GET /auth/google HTTP/1.1" 302 0 "http://localhost:8000/sign-in" "Mozilla/5.0 (Windows NT 10.0; Win64; x64; rv:80.0) Gecko/20100101 Firefox/80.0"
::1 - - [25/Sep/2020:10:08:56 +0000] "GET /sign-in HTTP/1.1" 200 3781 "http://localhost:8000/sign-in" "Mozilla/5.0 (Windows NT 10.0; Win64; x64; rv:80.0) Gecko/20100101 Firefox/80.0"
::1 - - [25/Sep/2020:10:08:56 +0000] "GET /css/layout.css HTTP/1.1" 304 - "http://localhost:8000/sign-in" "Mozilla/5.0 (Windows NT 10.0; Win64; x64; rv:80.0) Gecko/20100101 Firefox/80.0"
::1 - - [25/Sep/2020:10:08:56 +0000] "GET /css/header.css HTTP/1.1" 304 - "http://localhost:8000/sign-in" "Mozilla/5.0 (Windows NT 10.0; Win64; x64; rv:80.0) Gecko/20100101 Firefox/80.0"
::1 - - [25/Sep/2020:10:08:56 +0000] "GET /css/footer.css HTTP/1.1" 304 - "http://localhost:8000/sign-in" "Mozilla/5.0 (Windows NT 10.0; Win64; x64; rv:80.0) Gecko/20100101 Firefox/80.0"
::1 - - [25/Sep/2020:10:08:59 +0000] "GET /auth/google HTTP/1.1" 302 0 "http://localhost:8000/sign-in" "Mozilla/5.0 (Windows NT 10.0; Win64; x64; rv:80.0) Gecko/20100101 Firefox/80.0"
::1 - - [25/Sep/2020:10:30:45 +0000] "GET /sign-in HTTP/1.1" 200 3781 "-" "Mozilla/5.0 (Windows NT 10.0; Win64; x64; rv:80.0) Gecko/20100101 Firefox/80.0"
::1 - - [25/Sep/2020:10:30:45 +0000] "GET /css/layout.css HTTP/1.1" 200 128 "http://localhost:8000/sign-in" "Mozilla/5.0 (Windows NT 10.0; Win64; x64; rv:80.0) Gecko/20100101 Firefox/80.0"
::1 - - [25/Sep/2020:10:30:45 +0000] "GET /css/header.css HTTP/1.1" 200 262 "http://localhost:8000/sign-in" "Mozilla/5.0 (Windows NT 10.0; Win64; x64; rv:80.0) Gecko/20100101 Firefox/80.0"
::1 - - [25/Sep/2020:10:30:45 +0000] "GET /css/footer.css HTTP/1.1" 304 - "http://localhost:8000/sign-in" "Mozilla/5.0 (Windows NT 10.0; Win64; x64; rv:80.0) Gecko/20100101 Firefox/80.0"
::1 - - [25/Sep/2020:10:30:49 +0000] "POST /create-session HTTP/1.1" 302 60 "http://localhost:8000/sign-in" "Mozilla/5.0 (Windows NT 10.0; Win64; x64; rv:80.0) Gecko/20100101 Firefox/80.0"
::1 - - [25/Sep/2020:10:30:49 +0000] "GET /sign-in HTTP/1.1" 200 3966 "http://localhost:8000/sign-in" "Mozilla/5.0 (Windows NT 10.0; Win64; x64; rv:80.0) Gecko/20100101 Firefox/80.0"
::1 - - [25/Sep/2020:10:30:50 +0000] "GET /css/layout.css HTTP/1.1" 304 - "http://localhost:8000/sign-in" "Mozilla/5.0 (Windows NT 10.0; Win64; x64; rv:80.0) Gecko/20100101 Firefox/80.0"
::1 - - [25/Sep/2020:10:30:50 +0000] "GET /css/header.css HTTP/1.1" 304 - "http://localhost:8000/sign-in" "Mozilla/5.0 (Windows NT 10.0; Win64; x64; rv:80.0) Gecko/20100101 Firefox/80.0"
::1 - - [25/Sep/2020:10:30:50 +0000] "GET /css/footer.css HTTP/1.1" 304 - "http://localhost:8000/sign-in" "Mozilla/5.0 (Windows NT 10.0; Win64; x64; rv:80.0) Gecko/20100101 Firefox/80.0"
::1 - - [25/Sep/2020:10:30:52 +0000] "GET /auth/google HTTP/1.1" 302 0 "http://localhost:8000/sign-in" "Mozilla/5.0 (Windows NT 10.0; Win64; x64; rv:80.0) Gecko/20100101 Firefox/80.0"
